g:\prototype_1\temp\compile\vc120.pdb
g:\prototype_1\temp\compile\vc120.idb
g:\prototype_1\temp\compile\button.obj
g:\prototype_1\temp\compile\control.obj
g:\prototype_1\temp\compile\dialog.obj
g:\prototype_1\temp\compile\dlgmgr.obj
g:\prototype_1\temp\compile\inifile.obj
g:\prototype_1\temp\compile\mapblock.obj
g:\prototype_1\temp\compile\text.obj
g:\prototype_1\temp\compile\utility.obj
g:\prototype_1\temp\compile\viewport.obj
g:\prototype_1\temp\compile\animation.obj
g:\prototype_1\temp\compile\thread.obj
g:\prototype_1\temp\compile\window.obj
g:\prototype_1\src\..\temp\link\prototype_1_main.pdb
g:\prototype_1\temp\compile\prototype_1_main.tlog\cl.command.1.tlog
g:\prototype_1\temp\compile\prototype_1_main.tlog\cl.read.1.tlog
g:\prototype_1\temp\compile\prototype_1_main.tlog\cl.write.1.tlog
g:\prototype_1\temp\compile\prototype_1_main.tlog\link-cvtres.read.1.tlog
g:\prototype_1\temp\compile\prototype_1_main.tlog\link-cvtres.write.1.tlog
g:\prototype_1\temp\compile\prototype_1_main.tlog\link-rc.read.1.tlog
g:\prototype_1\temp\compile\prototype_1_main.tlog\link-rc.write.1.tlog
g:\prototype_1\temp\compile\prototype_1_main.tlog\link.command.1.tlog
g:\prototype_1\temp\compile\prototype_1_main.tlog\link.read.1.tlog
g:\prototype_1\temp\compile\prototype_1_main.tlog\link.write.1.tlog
